<?xml version="1.0" encoding="UTF-8"?><testsuite errors="2" failures="0" name="com.studentapp.junit.SudentsCRUDTest" skipped="0" tests="5" time="5.58" timestamp="2019-06-23 08:17:34"><testcase classname="com.studentapp.junit.SudentsCRUDTest" name="Delete the student and verify if the student is delete"/><testcase classname="com.studentapp.junit.SudentsCRUDTest" name="Verify if the student was added to the application"/><testcase classname="com.studentapp.junit.SudentsCRUDTest" name="Update user information and verify the update infomation!"/><testcase classname="com.studentapp.junit.SudentsCRUDTest" name="This test will create a new studen"><error message="Index: 0, Size: 0" type="java.lang.IndexOutOfBoundsException">Index: 0, Size: 0</error><system-err>Index: 0, Size: 0
Script1.run(Script1.groovy:1)
groovy.lang.GroovyShell.evaluate(GroovyShell.java:585)
groovy.lang.GroovyShell.evaluate(GroovyShell.java:623)
groovy.lang.GroovyShell.evaluate(GroovyShell.java:594)
io.restassured.internal.path.json.JSONAssertion.eval(JSONAssertion.groovy:80)
io.restassured.internal.path.json.JSONAssertion.getAsJsonObject(JSONAssertion.groovy:46)
io.restassured.internal.path.json.JSONAssertion.getResult(JSONAssertion.groovy:28)
io.restassured.path.json.JsonPath.get(JsonPath.java:202)
io.restassured.internal.RestAssuredResponseOptionsGroovyImpl.path(RestAssuredResponseOptionsGroovyImpl.groovy:398)
io.restassured.internal.RestAssuredResponseOptionsImpl.path(RestAssuredResponseOptionsImpl.java:200)
com.studentapp.cucumber.serenity.StudentSerenitySteps.getStudentInfoByFirstName(StudentSerenitySteps.java:49)
com.studentapp.junit.SudentsCRUDTest.test002(SudentsCRUDTest.java:53)
</system-err></testcase><testcase classname="com.studentapp.junit.SudentsCRUDTest" name="Verify if the student was added to the application"><error message="Index: 0, Size: 0" type="java.lang.IndexOutOfBoundsException">Index: 0, Size: 0</error><system-err>Index: 0, Size: 0
Script1.run(Script1.groovy:1)
groovy.lang.GroovyShell.evaluate(GroovyShell.java:585)
groovy.lang.GroovyShell.evaluate(GroovyShell.java:623)
groovy.lang.GroovyShell.evaluate(GroovyShell.java:594)
io.restassured.internal.path.json.JSONAssertion.eval(JSONAssertion.groovy:80)
io.restassured.internal.path.json.JSONAssertion.getAsJsonObject(JSONAssertion.groovy:46)
io.restassured.internal.path.json.JSONAssertion.getResult(JSONAssertion.groovy:28)
io.restassured.path.json.JsonPath.get(JsonPath.java:202)
io.restassured.internal.RestAssuredResponseOptionsGroovyImpl.path(RestAssuredResponseOptionsGroovyImpl.groovy:398)
io.restassured.internal.RestAssuredResponseOptionsImpl.path(RestAssuredResponseOptionsImpl.java:200)
com.studentapp.cucumber.serenity.StudentSerenitySteps.getStudentInfoByFirstName(StudentSerenitySteps.java:49)
com.studentapp.junit.SudentsCRUDTest.test002(SudentsCRUDTest.java:53)
</system-err></testcase></testsuite>